starting build

**********************************************************************

Test build
build project using make

**********************************************************************
Trying to build project using make
make
make: Nothing to be done for 'all'.


test build PASSED
 (build project using make)

starting shutdown

**********************************************************************

Test shutdown
init server and client then call shutdown

**********************************************************************
Starting server on port 7596
/tmp/tmp4WQBGw/p/server 7596 testimage


test shutdown PASSED
 (init server and client then call shutdown)

starting creat

**********************************************************************

Test creat
creat a file and check with lookup

**********************************************************************
Starting server on port 6666
/tmp/tmp4WQBGw/p/server 6666 testimage
lookup not found: Success
invalid pinum: Invalid argument
Failure: MFS_Lookup returned failure inum=0 name='test'


test creat FAILED
 (creat a file and check with lookup)
 MFS_Lookup returned failure inum=0 name='test'

starting write

**********************************************************************

Test write
write then read one block

**********************************************************************
Starting server on port 5170
/tmp/tmp4WQBGw/p/server 5170 testimage
lookup not found: Success
invalid pinum: Invalid argument
Failure: MFS_Lookup returned failure inum=0 name='test'


test write FAILED
 (write then read one block)
 MFS_Lookup returned failure inum=0 name='test'

starting stat

**********************************************************************

Test stat
stat a regular file

**********************************************************************
Starting server on port 8345
/tmp/tmp4WQBGw/p/server 8345 testimage
lookup not found: Success
invalid pinum: Invalid argument
Failure: MFS_Lookup returned failure inum=0 name='test'


test stat FAILED
 (stat a regular file)
 MFS_Lookup returned failure inum=0 name='test'

starting overwrite

**********************************************************************

Test overwrite
overwrite a block

**********************************************************************
Starting server on port 7174
/tmp/tmp4WQBGw/p/server 7174 testimage
lookup not found: Success
invalid pinum: Invalid argument
Failure: MFS_Lookup returned failure inum=0 name='test'


test overwrite FAILED
 (overwrite a block)
 MFS_Lookup returned failure inum=0 name='test'

starting maxfile

**********************************************************************

Test maxfile
write largest possible file

**********************************************************************
Starting server on port 8773
/tmp/tmp4WQBGw/p/server 8773 testimage
lookup not found: Success
invalid pinum: Invalid argument
Failure: MFS_Lookup returned failure inum=0 name='test'


test maxfile FAILED
 (write largest possible file)
 MFS_Lookup returned failure inum=0 name='test'

starting maxfile2

**********************************************************************

Test maxfile2
write more blocks than possible

**********************************************************************
Starting server on port 5740
/tmp/tmp4WQBGw/p/server 5740 testimage
lookup not found: Success
invalid pinum: Invalid argument
Failure: MFS_Lookup returned failure inum=0 name='test'


test maxfile2 FAILED
 (write more blocks than possible)
 MFS_Lookup returned failure inum=0 name='test'

starting sparse

**********************************************************************

Test sparse
write first and last block

**********************************************************************
Starting server on port 9774
/tmp/tmp4WQBGw/p/server 9774 testimage
lookup not found: Success
invalid pinum: Invalid argument
Failure: MFS_Lookup returned failure inum=0 name='test'


test sparse FAILED
 (write first and last block)
 MFS_Lookup returned failure inum=0 name='test'

starting stat2

**********************************************************************

Test stat2
stat a sparse file

**********************************************************************
Starting server on port 6925
/tmp/tmp4WQBGw/p/server 6925 testimage
lookup not found: Success
invalid pinum: Invalid argument
Failure: MFS_Lookup returned failure inum=0 name='test'


test stat2 FAILED
 (stat a sparse file)
 MFS_Lookup returned failure inum=0 name='test'

starting dir1

**********************************************************************

Test dir1
check root for dot entries

**********************************************************************
Starting server on port 5432
/tmp/tmp4WQBGw/p/server 5432 testimage


test dir1 PASSED
 (check root for dot entries)

starting dir2

**********************************************************************

Test dir2
create a new directory and check it

**********************************************************************
Starting server on port 7778
/tmp/tmp4WQBGw/p/server 7778 testimage
lookup not found: Success
lookup not found: Invalid argument
Failure: MFS_Lookup returned failure inum=0 name='testdir'


test dir2 FAILED
 (create a new directory and check it)
 MFS_Lookup returned failure inum=0 name='testdir'

starting baddir

**********************************************************************

Test baddir
try to create a file with a file parent inode

**********************************************************************
Starting server on port 7812
/tmp/tmp4WQBGw/p/server 7812 testimage
lookup not found: Success
invalid pinum: Invalid argument
Failure: MFS_Lookup returned failure inum=0 name='testdir'


test baddir FAILED
 (try to create a file with a file parent inode)
 MFS_Lookup returned failure inum=0 name='testdir'

starting baddir2

**********************************************************************

Test baddir2
try to lookup a file with a file parent inode

**********************************************************************
Starting server on port 5302
/tmp/tmp4WQBGw/p/server 5302 testimage
lookup not found: Success
invalid pinum: Invalid argument
Failure: MFS_Lookup returned failure inum=0 name='testdir'


test baddir2 FAILED
 (try to lookup a file with a file parent inode)
 MFS_Lookup returned failure inum=0 name='testdir'

starting unlink

**********************************************************************

Test unlink
unlink a file

**********************************************************************
Starting server on port 5074
/tmp/tmp4WQBGw/p/server 5074 testimage
lookup not found: Success
invalid pinum: Invalid argument
Failure: MFS_Lookup returned failure inum=0 name='test'


test unlink FAILED
 (unlink a file)
 MFS_Lookup returned failure inum=0 name='test'

starting unlink2

**********************************************************************

Test unlink2
unlink a directory

**********************************************************************
Starting server on port 5399
/tmp/tmp4WQBGw/p/server 5399 testimage
lookup not found: Success
lookup not found: Invalid argument
Failure: MFS_Lookup returned failure inum=0 name='test'


test unlink2 FAILED
 (unlink a directory)
 MFS_Lookup returned failure inum=0 name='test'

starting empty

**********************************************************************

Test empty
unlink a non-empty directory

**********************************************************************
Starting server on port 9525
/tmp/tmp4WQBGw/p/server 9525 testimage
lookup not found: Success
lookup not found: Invalid argument
Failure: MFS_Lookup returned failure inum=0 name='testdir'


test empty FAILED
 (unlink a non-empty directory)
 MFS_Lookup returned failure inum=0 name='testdir'

starting name

**********************************************************************

Test name
name too long

**********************************************************************
Starting server on port 9567
/tmp/tmp4WQBGw/p/server 9567 testimage
server_creat: name too long_1: Success


test name PASSED
 (name too long)

starting persist

**********************************************************************

Test persist
restart server after creating a file

**********************************************************************
Starting server on port 6170
/tmp/tmp4WQBGw/p/server 6170 testimage
lookup not found: Success
invalid pinum: Invalid argument
Failure: MFS_Lookup returned failure inum=0 name='test'


test persist FAILED
 (restart server after creating a file)
 MFS_Lookup returned failure inum=0 name='test'

starting drop

**********************************************************************

Test drop
drop every other packet sent by client

**********************************************************************
Trying to clean project using make clean
make clean
rm -f ./client ./server *.o libmfs.so
Trying to build project using make
make
gcc -Wall -Werror -g -c -fPIC libmfs.c
gcc -Wall -Werror -g -shared -Wl,-soname,libmfs.so -o libmfs.so libmfs.o udp.c -lc
/usr/bin/ld: /tmp/ccq7MQ7o.o: relocation R_X86_64_PC32 against symbol `stderr@@GLIBC_2.2.5' can not be used when making a shared object; recompile with -fPIC
/usr/bin/ld: final link failed: bad value
collect2: error: ld returned 1 exit status
make: *** [Makefile:19: libmfs.so] Error 1
Starting server on port 7320
/tmp/tmp4WQBGw/p/server 7320 testimage
OSError: [Errno 2] No such file or directory
Trying to clean project using make clean
make clean
rm -f ./client ./server *.o libmfs.so
Trying to build project using make
make
gcc -Wall -Werror -g -c -fPIC libmfs.c
gcc -Wall -Werror -g -shared -Wl,-soname,libmfs.so -o libmfs.so libmfs.o udp.c -lc
gcc -Wall -Werror -g -c server.c
gcc -Wall -Werror -g -o server server.o -L. -lmfs udp.c


test drop FAILED
 (drop every other packet sent by client)
 make failed (error 2)
 required file 'server' does not exist after make
 Unexpected exception [Errno 2] No such file or directory

starting bigdir

**********************************************************************

Test bigdir
create a directory with max number of files

**********************************************************************
Starting server on port 9547
/tmp/tmp4WQBGw/p/server 9547 testimage
lookup not found: Success
lookup not found: Invalid argument
Failure: MFS_Lookup returned failure inum=0 name='testdir'


test bigdir FAILED
 (create a directory with max number of files)
 MFS_Lookup returned failure inum=0 name='testdir'

starting bigdir2

**********************************************************************

Test bigdir2
create a directory with more files than possible

**********************************************************************
Starting server on port 5196
/tmp/tmp4WQBGw/p/server 5196 testimage
lookup not found: Success
lookup not found: Invalid argument
Failure: MFS_Lookup returned failure inum=0 name='testdir'


test bigdir2 FAILED
 (create a directory with more files than possible)
 MFS_Lookup returned failure inum=0 name='testdir'

starting deep

**********************************************************************

Test deep
create many deeply nested directories

**********************************************************************
Starting server on port 6613
/tmp/tmp4WQBGw/p/server 6613 testimage
lookup not found: Success
lookup not found: Invalid argument
Failure: MFS_Lookup returned failure inum=0 name='testdir'


test deep FAILED
 (create many deeply nested directories)
 MFS_Lookup returned failure inum=0 name='testdir'

starting complex

**********************************************************************

Test complex
a long sequence of creats and writes followed by a check

**********************************************************************
Starting server on port 7925
/tmp/tmp4WQBGw/p/server 7925 testimage
Filesyste to be written:


/1
/1/1
/1/1/file2 [1, None, 1]
/1/1/file1 [2]
/1/file2 [1]
/1/file1 [1]
/1/2
/1/2/file2 [1, None, 2]
/1/2/file1 [3]
/1/0
/1/0/file2 [1, None, 0]
/1/0/file1 [1]
/0
/0/1
/0/1/file2 [0, None, 1]
/0/1/file1 [1]
/0/file2 [0]
/0/file1 [0]
/0/2
/0/2/file2 [0, None, 2]
/0/2/file1 [2]
/0/0
/0/0/file2 [0, None, 0]
/0/0/file1 [0]
/2
/2/1
/2/1/file2 [2, None, 1]
/2/1/file1 [3]
/2/file2 [2]
/2/file1 [2]
/2/2
/2/2/file2 [2, None, 2]
/2/2/file1 [4]
/2/0
/2/0/file2 [2, None, 0]
/2/0/file1 [2]

lookup not found: Success
lookup not found: Invalid argument
Failure: MFS_Lookup returned failure inum=0 name='1'


test complex FAILED
 (a long sequence of creats and writes followed by a check)
 MFS_Lookup returned failure inum=0 name='1'

starting complex2

**********************************************************************

Test complex2
a long sequence of creats and writes followed by a check

**********************************************************************
Starting server on port 8991
/tmp/tmp4WQBGw/p/server 8991 testimage
Filesyste to be written:


/1
/1/1
/1/1/1
/1/1/1/file2 [1, None, 1, None, 1]
/1/1/1/file1 [3]
/1/1/file2 [1, None, 1]
/1/1/file1 [2]
/1/1/0
/1/1/0/file2 [1, None, 1, None, 0]
/1/1/0/file1 [2]
/1/file2 [2]
/1/file1 [1]
/1/2
/1/2/1
/1/2/1/file2 [1, None, 2, None, 1]
/1/2/1/file1 [4]
/1/2/file2 [1, None, 2]
/1/2/file1 [3]
/1/2/0
/1/2/0/file2 [1, None, 2, None, 0]
/1/2/0/file1 [3]
/1/0
/1/0/1
/1/0/1/file2 [1, None, 0, None, 1]
/1/0/1/file1 [2]
/1/0/file2 [1, None, 0]
/1/0/file1 [1]
/1/0/0
/1/0/0/file2 [1, None, 0, None, 0]
/1/0/0/file1 [1]
/0
/0/1
/0/1/1
/0/1/1/file2 [0, None, 1, None, 1]
/0/1/1/file1 [2]
/0/1/file2 [0, None, 1]
/0/1/file1 [1]
/0/1/0
/0/1/0/file2 [0, None, 1, None, 0]
/0/1/0/file1 [1]
/0/file2 [0]
/0/file1 [0]
/0/2
/0/2/1
/0/2/1/file2 [0, None, 2, None, 1]
/0/2/1/file1 [3]
/0/2/file2 [0, None, 2]
/0/2/file1 [2]
/0/2/0
/0/2/0/file2 [0, None, 2, None, 0]
/0/2/0/file1 [2]
/0/0
/0/0/1
/0/0/1/file2 [0, None, 0, None, 1]
/0/0/1/file1 [1]
/0/0/file2 [0, None, 0]
/0/0/file1 [0]
/0/0/0
/0/0/0/file2 [0, None, 0, None, 0]
/0/0/0/file1 [0]
/3
/3/1
/3/1/1
/3/1/1/file2 [3, None, 1, None, 1]
/3/1/1/file1 [5]
/3/1/file2 [3, None, 1]
/3/1/file1 [4]
/3/1/0
/3/1/0/file2 [3, None, 1, None, 0]
/3/1/0/file1 [4]
/3/file2 [6]
/3/file1 [3]
/3/2
/3/2/1
/3/2/1/file2 [3, None, 2, None, 1]
/3/2/1/file1 [6]
/3/2/file2 [3, None, 2]
/3/2/file1 [5]
/3/2/0
/3/2/0/file2 [3, None, 2, None, 0]
/3/2/0/file1 [5]
/3/0
/3/0/1
/3/0/1/file2 [3, None, 0, None, 1]
/3/0/1/file1 [4]
/3/0/file2 [3, None, 0]
/3/0/file1 [3]
/3/0/0
/3/0/0/file2 [3, None, 0, None, 0]
/3/0/0/file1 [3]
/2
/2/1
/2/1/1
/2/1/1/file2 [2, None, 1, None, 1]
/2/1/1/file1 [4]
/2/1/file2 [2, None, 1]
/2/1/file1 [3]
/2/1/0
/2/1/0/file2 [2, None, 1, None, 0]
/2/1/0/file1 [3]
/2/file2 [4]
/2/file1 [2]
/2/2
/2/2/1
/2/2/1/file2 [2, None, 2, None, 1]
/2/2/1/file1 [5]
/2/2/file2 [2, None, 2]
/2/2/file1 [4]
/2/2/0
/2/2/0/file2 [2, None, 2, None, 0]
/2/2/0/file1 [4]
/2/0
/2/0/1
/2/0/1/file2 [2, None, 0, None, 1]
/2/0/1/file1 [3]
/2/0/file2 [2, None, 0]
/2/0/file1 [2]
/2/0/0
/2/0/0/file2 [2, None, 0, None, 0]
/2/0/0/file1 [2]

lookup not found: Success
lookup not found: Invalid argument
Failure: MFS_Lookup returned failure inum=0 name='1'


test complex2 FAILED
 (a long sequence of creats and writes followed by a check)
 MFS_Lookup returned failure inum=0 name='1'

starting persist2

**********************************************************************

Test persist2
restart server after creating many dirs and files

**********************************************************************
Starting server on port 7678
/tmp/tmp4WQBGw/p/server 7678 testimage
Filesyste to be written:


/1
/1/1
/1/1/1
/1/1/1/file2 [1, None, 1, None, 1]
/1/1/1/file1 [3]
/1/1/file2 [1, None, 1]
/1/1/file1 [2]
/1/1/0
/1/1/0/file2 [1, None, 1, None, 0]
/1/1/0/file1 [2]
/1/file2 [2]
/1/file1 [1]
/1/2
/1/2/1
/1/2/1/file2 [1, None, 2, None, 1]
/1/2/1/file1 [4]
/1/2/file2 [1, None, 2]
/1/2/file1 [3]
/1/2/0
/1/2/0/file2 [1, None, 2, None, 0]
/1/2/0/file1 [3]
/1/0
/1/0/1
/1/0/1/file2 [1, None, 0, None, 1]
/1/0/1/file1 [2]
/1/0/file2 [1, None, 0]
/1/0/file1 [1]
/1/0/0
/1/0/0/file2 [1, None, 0, None, 0]
/1/0/0/file1 [1]
/0
/0/1
/0/1/1
/0/1/1/file2 [0, None, 1, None, 1]
/0/1/1/file1 [2]
/0/1/file2 [0, None, 1]
/0/1/file1 [1]
/0/1/0
/0/1/0/file2 [0, None, 1, None, 0]
/0/1/0/file1 [1]
/0/file2 [0]
/0/file1 [0]
/0/2
/0/2/1
/0/2/1/file2 [0, None, 2, None, 1]
/0/2/1/file1 [3]
/0/2/file2 [0, None, 2]
/0/2/file1 [2]
/0/2/0
/0/2/0/file2 [0, None, 2, None, 0]
/0/2/0/file1 [2]
/0/0
/0/0/1
/0/0/1/file2 [0, None, 0, None, 1]
/0/0/1/file1 [1]
/0/0/file2 [0, None, 0]
/0/0/file1 [0]
/0/0/0
/0/0/0/file2 [0, None, 0, None, 0]
/0/0/0/file1 [0]
/3
/3/1
/3/1/1
/3/1/1/file2 [3, None, 1, None, 1]
/3/1/1/file1 [5]
/3/1/file2 [3, None, 1]
/3/1/file1 [4]
/3/1/0
/3/1/0/file2 [3, None, 1, None, 0]
/3/1/0/file1 [4]
/3/file2 [6]
/3/file1 [3]
/3/2
/3/2/1
/3/2/1/file2 [3, None, 2, None, 1]
/3/2/1/file1 [6]
/3/2/file2 [3, None, 2]
/3/2/file1 [5]
/3/2/0
/3/2/0/file2 [3, None, 2, None, 0]
/3/2/0/file1 [5]
/3/0
/3/0/1
/3/0/1/file2 [3, None, 0, None, 1]
/3/0/1/file1 [4]
/3/0/file2 [3, None, 0]
/3/0/file1 [3]
/3/0/0
/3/0/0/file2 [3, None, 0, None, 0]
/3/0/0/file1 [3]
/2
/2/1
/2/1/1
/2/1/1/file2 [2, None, 1, None, 1]
/2/1/1/file1 [4]
/2/1/file2 [2, None, 1]
/2/1/file1 [3]
/2/1/0
/2/1/0/file2 [2, None, 1, None, 0]
/2/1/0/file1 [3]
/2/file2 [4]
/2/file1 [2]
/2/2
/2/2/1
/2/2/1/file2 [2, None, 2, None, 1]
/2/2/1/file1 [5]
/2/2/file2 [2, None, 2]
/2/2/file1 [4]
/2/2/0
/2/2/0/file2 [2, None, 2, None, 0]
/2/2/0/file1 [4]
/2/0
/2/0/1
/2/0/1/file2 [2, None, 0, None, 1]
/2/0/1/file1 [3]
/2/0/file2 [2, None, 0]
/2/0/file1 [2]
/2/0/0
/2/0/0/file2 [2, None, 0, None, 0]
/2/0/0/file1 [2]

lookup not found: Success
lookup not found: Invalid argument
Failure: MFS_Lookup returned failure inum=0 name='1'


test persist2 FAILED
 (restart server after creating many dirs and files)
 MFS_Lookup returned failure inum=0 name='1'

starting free

**********************************************************************

Test free
check that inodes and direcrtory entries are freed

**********************************************************************
Starting server on port 7620
/tmp/tmp4WQBGw/p/server 7620 testimage
lookup not found: Success
Failure: MFS_Unlink returned failure pinum=0 name='0'


test free FAILED
 (check that inodes and direcrtory entries are freed)
 MFS_Unlink returned failure pinum=0 name='0'

**********************************************************************
Summary:
test build PASSED
 (build project using make)

test shutdown PASSED
 (init server and client then call shutdown)

test creat FAILED
 (creat a file and check with lookup)
 MFS_Lookup returned failure inum=0 name='test'

test write FAILED
 (write then read one block)
 MFS_Lookup returned failure inum=0 name='test'

test stat FAILED
 (stat a regular file)
 MFS_Lookup returned failure inum=0 name='test'

test overwrite FAILED
 (overwrite a block)
 MFS_Lookup returned failure inum=0 name='test'

test maxfile FAILED
 (write largest possible file)
 MFS_Lookup returned failure inum=0 name='test'

test maxfile2 FAILED
 (write more blocks than possible)
 MFS_Lookup returned failure inum=0 name='test'

test sparse FAILED
 (write first and last block)
 MFS_Lookup returned failure inum=0 name='test'

test stat2 FAILED
 (stat a sparse file)
 MFS_Lookup returned failure inum=0 name='test'

test dir1 PASSED
 (check root for dot entries)

test dir2 FAILED
 (create a new directory and check it)
 MFS_Lookup returned failure inum=0 name='testdir'

test baddir FAILED
 (try to create a file with a file parent inode)
 MFS_Lookup returned failure inum=0 name='testdir'

test baddir2 FAILED
 (try to lookup a file with a file parent inode)
 MFS_Lookup returned failure inum=0 name='testdir'

test unlink FAILED
 (unlink a file)
 MFS_Lookup returned failure inum=0 name='test'

test unlink2 FAILED
 (unlink a directory)
 MFS_Lookup returned failure inum=0 name='test'

test empty FAILED
 (unlink a non-empty directory)
 MFS_Lookup returned failure inum=0 name='testdir'

test name PASSED
 (name too long)

test persist FAILED
 (restart server after creating a file)
 MFS_Lookup returned failure inum=0 name='test'

test drop FAILED
 (drop every other packet sent by client)
 make failed (error 2)
 required file 'server' does not exist after make
 Unexpected exception [Errno 2] No such file or directory

test bigdir FAILED
 (create a directory with max number of files)
 MFS_Lookup returned failure inum=0 name='testdir'

test bigdir2 FAILED
 (create a directory with more files than possible)
 MFS_Lookup returned failure inum=0 name='testdir'

test deep FAILED
 (create many deeply nested directories)
 MFS_Lookup returned failure inum=0 name='testdir'

test complex FAILED
 (a long sequence of creats and writes followed by a check)
 MFS_Lookup returned failure inum=0 name='1'

test complex2 FAILED
 (a long sequence of creats and writes followed by a check)
 MFS_Lookup returned failure inum=0 name='1'

test persist2 FAILED
 (restart server after creating many dirs and files)
 MFS_Lookup returned failure inum=0 name='1'

test free FAILED
 (check that inodes and direcrtory entries are freed)
 MFS_Unlink returned failure pinum=0 name='0'

Passed 4 of 27 tests.
Overall 4 of 27
