Checking files . . . 
OK
Uploading /u/c/s/cs537-1/handin/301/alejandr/p2/linux/mysh.c ...done.
Uploading /u/c/s/cs537-1/handin/301/arnold/p2/linux/mysh.c ...done.
Uploading /u/c/s/cs537-1/handin/301/calmes/p2/linux/mysh.c ...done.
Uploading /u/c/s/cs537-1/handin/301/dudenas/p2/linux/mysh.c ...done.
Uploading /u/c/s/cs537-1/handin/301/dzimmerm/p2/linux/mysh.c ...done.
Uploading /u/c/s/cs537-1/handin/301/egrasmic/p2/linux/mysh.c ...done.
Uploading /u/c/s/cs537-1/handin/301/eick/p2/linux/mysh.c ...done.
Uploading /u/c/s/cs537-1/handin/301/greenbaum/p2/linux/mysh.c ...done.
Uploading /u/c/s/cs537-1/handin/301/hoffmann/p2/linux/mysh.c ...done.
Uploading /u/c/s/cs537-1/handin/301/huff/p2/linux/mysh.c ...done.
Uploading /u/c/s/cs537-1/handin/301/jbernste/p2/linux/mysh.c ...done.
Uploading /u/c/s/cs537-1/handin/301/knuth/p2/linux/mysh.c ...done.
Uploading /u/c/s/cs537-1/handin/301/kuray/p2/linux/mysh.c ...done.
Uploading /u/c/s/cs537-1/handin/301/laraia/p2/linux/mysh.c ...done.
Uploading /u/c/s/cs537-1/handin/301/lukasik/p2/linux/mysh.c ...done.
Uploading /u/c/s/cs537-1/handin/301/lzhao/p2/linux/mysh.c ...done.
Uploading /u/c/s/cs537-1/handin/301/marquardt/p2/linux/mysh.c ...done.
Uploading /u/c/s/cs537-1/handin/301/mdallman/p2/linux/mysh.c ...done.
Uploading /u/c/s/cs537-1/handin/301/monette/p2/linux/mysh.c ...done.
Uploading /u/c/s/cs537-1/handin/301/nivethavadivelu/p2/linux/mysh.c ...done.
Uploading /u/c/s/cs537-1/handin/301/rjalan/p2/linux/builtin.c ...done.
Uploading /u/c/s/cs537-1/handin/301/rjalan/p2/linux/history.c ...done.
Uploading /u/c/s/cs537-1/handin/301/rjalan/p2/linux/mysh.c ...done.
Uploading /u/c/s/cs537-1/handin/301/rjalan/p2/linux/print.c ...done.
Uploading /u/c/s/cs537-1/handin/301/rjalan/p2/linux/readline.c ...done.
Uploading /u/c/s/cs537-1/handin/301/sayler/p2/linux/mysh.c ...done.
Uploading /u/c/s/cs537-1/handin/301/tanner/p2/linux/mysh.c ...done.
Uploading /u/c/s/cs537-1/handin/301/troberts/p2/linux/mysh.c ...done.
Uploading /u/c/s/cs537-1/handin/301/yeji/p2/linux/mysh.c ...done.
Uploading /u/c/s/cs537-1/handin/301/yizhe/p2/linux/mysh.c ...done.
Uploading /u/c/s/cs537-1/handin/301/zhantao/p2/linux/mysh.c ...done.
Uploading /u/c/s/cs537-1/handin/302/arseny/p2/linux/mysh.c ...done.
Uploading /u/c/s/cs537-1/handin/302/baeten/p2/linux/mysh.c ...done.
Uploading /u/c/s/cs537-1/handin/302/benjamin/p2/linux/mysh.c ...done.
Uploading /u/c/s/cs537-1/handin/302/boqun/p2/linux/mysh.c ...done.
Uploading /u/c/s/cs537-1/handin/302/christianson/p2/linux/mysh.c ...done.
Uploading /u/c/s/cs537-1/handin/302/colin/p2/linux/c_helpers.c ...done.
Uploading /u/c/s/cs537-1/handin/302/colin/p2/linux/mysh.c ...done.
Uploading /u/c/s/cs537-1/handin/302/cuevas/p2/linux/mysh.c ...done.
Uploading /u/c/s/cs537-1/handin/302/demetriu/p2/linux/mysh.c ...done.
Uploading /u/c/s/cs537-1/handin/302/en-ui/p2/linux/myshell.c ...done.
Uploading /u/c/s/cs537-1/handin/302/guanqing/p2/linux/mysh.c ...done.
Uploading /u/c/s/cs537-1/handin/302/jessie/p2/linux/mysh.c ...done.
Uploading /u/c/s/cs537-1/handin/302/jiahao/p2/linux/mysh.c ...done.
Uploading /u/c/s/cs537-1/handin/302/kyle/p2/linux/mysh.c ...done.
Uploading /u/c/s/cs537-1/handin/302/manarm/p2/linux/mysh.c ...done.
Uploading /u/c/s/cs537-1/handin/302/nelson/p2/linux/mysh.c ...done.
Uploading /u/c/s/cs537-1/handin/302/nilsen/p2/linux/mysh.c ...done.
Uploading /u/c/s/cs537-1/handin/302/ogden/p2/linux/mysh.c ...done.
Uploading /u/c/s/cs537-1/handin/302/oluwatof/p2/linux/mysh.c ...done.
Uploading /u/c/s/cs537-1/handin/302/pavle/p2/linux/mysh.c ...done.
Uploading /u/c/s/cs537-1/handin/302/perry/p2/linux/mysh.c ...done.
Uploading /u/c/s/cs537-1/handin/302/phalak/p2/linux/mysh.c ...done.
Uploading /u/c/s/cs537-1/handin/302/quy/p2/linux/mysh.c ...done.
Uploading /u/c/s/cs537-1/handin/302/samplawski/p2/linux/mysh.c ...done.
Uploading /u/c/s/cs537-1/handin/302/shafer/p2/linux/mysh.c ...done.
Uploading /u/c/s/cs537-1/handin/302/skrade/p2/linux/mysh.c ...done.
Uploading /u/c/s/cs537-1/handin/302/songzi/p2/linux/mysh.c ...done.
Uploading /u/c/s/cs537-1/handin/302/strange/p2/linux/mysh.c ...done.
Uploading 